{"/home/krilu/repos/git-js-week-7-25/week-7-25/testSumOfTwo.js": {"path":"/home/krilu/repos/git-js-week-7-25/week-7-25/testSumOfTwo.js","statementMap":{"0":{"start":{"line":8,"column":13},"end":{"line":19,"column":1}},"1":{"start":{"line":9,"column":4},"end":{"line":10,"column":42}},"2":{"start":{"line":10,"column":8},"end":{"line":10,"column":42}},"3":{"start":{"line":12,"column":4},"end":{"line":18,"column":5}},"4":{"start":{"line":12,"column":16},"end":{"line":12,"column":17}},"5":{"start":{"line":13,"column":8},"end":{"line":17,"column":9}},"6":{"start":{"line":13,"column":20},"end":{"line":13,"column":21}},"7":{"start":{"line":14,"column":12},"end":{"line":16,"column":13}},"8":{"start":{"line":15,"column":16},"end":{"line":15,"column":29}},"9":{"start":{"line":21,"column":0},"end":{"line":21,"column":24}}},"fnMap":{"0":{"name":"(anonymous_0)","decl":{"start":{"line":8,"column":13},"end":{"line":8,"column":14}},"loc":{"start":{"line":8,"column":36},"end":{"line":19,"column":1}},"line":8}},"branchMap":{"0":{"loc":{"start":{"line":9,"column":4},"end":{"line":10,"column":42}},"type":"if","locations":[{"start":{"line":9,"column":4},"end":{"line":10,"column":42}},{"start":{},"end":{}}],"line":9},"1":{"loc":{"start":{"line":14,"column":12},"end":{"line":16,"column":13}},"type":"if","locations":[{"start":{"line":14,"column":12},"end":{"line":16,"column":13}},{"start":{},"end":{}}],"line":14},"2":{"loc":{"start":{"line":14,"column":16},"end":{"line":14,"column":53}},"type":"binary-expr","locations":[{"start":{"line":14,"column":16},"end":{"line":14,"column":42}},{"start":{"line":14,"column":46},"end":{"line":14,"column":53}}],"line":14}},"s":{"0":1,"1":3,"2":1,"3":2,"4":2,"5":5,"6":5,"7":18,"8":2,"9":1},"f":{"0":3},"b":{"0":[1,2],"1":[2,16],"2":[18,3]},"_coverageSchema":"1a1c01bbd47fc00a2c39e90264f33305004495a9","hash":"29ef772c08ec135afb087192084286e60863aec2"}
}
